<?xml version="1.0" encoding="UTF-8"?>
<testsuite xmlns:xsi="http://www.w3.org/2001/XMLSchema-instance" xsi:noNamespaceSchemaLocation="https://maven.apache.org/surefire/maven-surefire-plugin/xsd/surefire-test-report.xsd" version="3.0.2" name="unit0.Unit0Test" time="0.096" tests="9" errors="0" skipped="0" failures="0">
  <properties>
[...]
</properties>
  <testcase name="testMiniSearchEngine" classname="unit0.Unit0Test" time="0.025"/>
  <testcase name="testMostExpensiveItem" classname="unit0.Unit0Test" time="0.005"/>
  <testcase name="testScannerCreate" classname="unit0.Unit0Test" time="0.003"/>
  <testcase name="testSum" classname="unit0.Unit0Test" time="0.005"/>
  <testcase name="testLineReads" classname="unit0.Unit0Test" time="0.002"/>
  <testcase name="testMiniSearchEngineRavenCase" classname="unit0.Unit0Test" time="0.02">
    <system-err><![CDATA[C:\Users\kevin.hare\eclipse-workspace\unit-unknown-tests\the_raven.md
In there stepped a stately raven of the saintly days of yore;  
And the Raven, never flitting, still is sitting, still is sitting  
And the Raven, never flitting, still is sitting, still is sitting  
But the Raven, never flitting, still is sitting, still is sitting  
There stands a raven in the library, perched on a textbook spine,  
And the Raven, never flitting, still is sitting, still is sitting  
And so, dear student, if you see a raven in the quad at 3 a.m.,  
And the Raven will reply:
ans md5 f699503a344aebb1689465ac700ccb0a
]]></system-err>
  </testcase>
  <testcase name="testSingleLineRead" classname="unit0.Unit0Test" time="0.006"/>
  <testcase name="testCopyToOutput" classname="unit0.Unit0Test" time="0.007"/>
  <testcase name="testCalculateBill" classname="unit0.Unit0Test" time="0.004"/>
</testsuite>